<?xml version="1.0" encoding="UTF-8"?>
<!-- Generated by org.testng.reporters.JUnitXMLReporter -->
<testsuite ignored="0" hostname="DESKTOP-3MMKTFA" failures="1" tests="1" name="EdgeTest" time="13.173" errors="0" timestamp="2024-12-19T00:23:23 IST">
  <testcase classname="testScripts.SubCategoryTest" name="subCategory" time="0.402">
    <failure type="java.lang.NullPointerException" message="Cannot invoke &amp;quot;org.apache.poi.xssf.usermodel.XSSFSheet.getRow(int)&amp;quot; because &amp;quot;utilities.ExcelUtility.sh&amp;quot; is null">
      <![CDATA[java.lang.NullPointerException: Cannot invoke "org.apache.poi.xssf.usermodel.XSSFSheet.getRow(int)" because "utilities.ExcelUtility.sh" is null
at utilities.ExcelUtility.getStringData(ExcelUtility.java:23)
at testScripts.SubCategoryTest.subCategory(SubCategoryTest.java:28)
at java.base/java.util.ArrayList.forEach(ArrayList.java:1511)
... Removed 27 stack frames]]>
    </failure>
  </testcase> <!-- subCategory -->
</testsuite> <!-- EdgeTest -->
