<?xml version="1.0" encoding="UTF-8"?>
<!-- Generated by org.testng.reporters.JUnitXMLReporter -->
<testsuite ignored="2" hostname="DESKTOP-3MMKTFA" failures="0" tests="2" name="ChromeTest" time="37.535" errors="0" timestamp="2024-12-10T20:47:07 IST">
  <testcase classname="testScripts.LoginTest" name="verifyTheUserIsAbleToLoginUsingValidCredentials" time="3.364"/>
  <testcase classname="testScripts.LoginTest" name="verifyTheUserIsAbleToLoginUsingInvalidCredentials" time="1.326"/>
  <testcase classname="testScripts.LoginTest" name="verifyTheUserIsAbleToLoginUsingInvalidUsername" time="0.0">
    <ignored/>
  </testcase> <!-- verifyTheUserIsAbleToLoginUsingInvalidUsername -->
  <testcase classname="testScripts.LoginTest" name="verifyTheUserIsAbleToLoginUsingInvalidPassword" time="0.0">
    <ignored/>
  </testcase> <!-- verifyTheUserIsAbleToLoginUsingInvalidPassword -->
</testsuite> <!-- ChromeTest -->
