<?xml version="1.0" encoding="UTF-8"?>
<testng-results ignored="0" total="1" passed="1" failed="0" skipped="0">
  <reporter-output>
  </reporter-output>
  <suite started-at="2024-12-10T20:53:31 IST" name="Suite" finished-at="2024-12-10T20:53:51 IST" duration-ms="19807">
    <groups>
      <group name="Regression">
        <method signature="LoginTest.verifyTheUserIsAbleToLoginUsingValidCredentials()[pri:0, instance:testScripts.LoginTest@1224144a]" name="verifyTheUserIsAbleToLoginUsingValidCredentials" class="testScripts.LoginTest"/>
      </group> <!-- Regression -->
    </groups>
    <test started-at="2024-12-10T20:53:31 IST" name="Test" finished-at="2024-12-10T20:53:51 IST" duration-ms="19807">
      <class name="testScripts.LoginTest">
        <test-method is-config="true" signature="initializeBrowser(java.lang.String)[pri:0, instance:testScripts.LoginTest@1224144a]" started-at="2024-12-10T20:53:31 IST" name="initializeBrowser" finished-at="2024-12-10T20:53:47 IST" duration-ms="15923" status="PASS">
          <params>
            <param index="0">
              <value>
                <![CDATA[Chrome]]>
              </value>
            </param>
          </params>
          <reporter-output>
          </reporter-output>
        </test-method> <!-- initializeBrowser -->
        <test-method signature="verifyTheUserIsAbleToLoginUsingValidCredentials()[pri:0, instance:testScripts.LoginTest@1224144a]" started-at="2024-12-10T20:53:47 IST" name="verifyTheUserIsAbleToLoginUsingValidCredentials" description="Login with valid username and password" finished-at="2024-12-10T20:53:50 IST" duration-ms="3071" status="PASS">
          <reporter-output>
          </reporter-output>
        </test-method> <!-- verifyTheUserIsAbleToLoginUsingValidCredentials -->
        <test-method is-config="true" signature="browserQuit(org.testng.ITestResult)[pri:0, instance:testScripts.LoginTest@1224144a]" started-at="2024-12-10T20:53:50 IST" name="browserQuit" finished-at="2024-12-10T20:53:51 IST" duration-ms="696" status="PASS">
          <params>
            <param index="0">
              <value>
                <![CDATA[[TestResult name=verifyTheUserIsAbleToLoginUsingValidCredentials status=SUCCESS method=LoginTest.verifyTheUserIsAbleToLoginUsingValidCredentials()[pri:0, instance:testScripts.LoginTest@1224144a] output={null}]]]>
              </value>
            </param>
          </params>
          <reporter-output>
          </reporter-output>
        </test-method> <!-- browserQuit -->
      </class> <!-- testScripts.LoginTest -->
    </test> <!-- Test -->
  </suite> <!-- Suite -->
</testng-results>
