<?xml version="1.0" encoding="UTF-8"?>
<testng-results ignored="0" total="1" passed="1" failed="0" skipped="0">
  <reporter-output>
  </reporter-output>
  <suite started-at="2024-12-10T20:48:43 IST" name="Suite" finished-at="2024-12-10T20:49:07 IST" duration-ms="24411">
    <groups>
      <group name="Regression">
        <method signature="LoginTest.verifyTheUserIsAbleToLoginUsingValidCredentials()[pri:0, instance:testScripts.LoginTest@6736fa8d]" name="verifyTheUserIsAbleToLoginUsingValidCredentials" class="testScripts.LoginTest"/>
      </group> <!-- Regression -->
    </groups>
    <test started-at="2024-12-10T20:48:43 IST" name="Test" finished-at="2024-12-10T20:49:07 IST" duration-ms="24411">
      <class name="testScripts.LoginTest">
        <test-method is-config="true" signature="initializeBrowser(java.lang.String)[pri:0, instance:testScripts.LoginTest@6736fa8d]" started-at="2024-12-10T20:48:43 IST" name="initializeBrowser" finished-at="2024-12-10T20:49:02 IST" duration-ms="18849" status="PASS">
          <params>
            <param index="0">
              <value>
                <![CDATA[Chrome]]>
              </value>
            </param>
          </params>
          <reporter-output>
          </reporter-output>
        </test-method> <!-- initializeBrowser -->
        <test-method signature="verifyTheUserIsAbleToLoginUsingValidCredentials()[pri:0, instance:testScripts.LoginTest@6736fa8d]" started-at="2024-12-10T20:49:02 IST" name="verifyTheUserIsAbleToLoginUsingValidCredentials" description="Login with valid username and password" finished-at="2024-12-10T20:49:06 IST" duration-ms="4634" status="PASS">
          <reporter-output>
          </reporter-output>
        </test-method> <!-- verifyTheUserIsAbleToLoginUsingValidCredentials -->
        <test-method is-config="true" signature="browserQuit(org.testng.ITestResult)[pri:0, instance:testScripts.LoginTest@6736fa8d]" started-at="2024-12-10T20:49:06 IST" name="browserQuit" finished-at="2024-12-10T20:49:07 IST" duration-ms="795" status="PASS">
          <params>
            <param index="0">
              <value>
                <![CDATA[[TestResult name=verifyTheUserIsAbleToLoginUsingValidCredentials status=SUCCESS method=LoginTest.verifyTheUserIsAbleToLoginUsingValidCredentials()[pri:0, instance:testScripts.LoginTest@6736fa8d] output={null}]]]>
              </value>
            </param>
          </params>
          <reporter-output>
          </reporter-output>
        </test-method> <!-- browserQuit -->
      </class> <!-- testScripts.LoginTest -->
    </test> <!-- Test -->
  </suite> <!-- Suite -->
</testng-results>
